{"total": {"lines":{"total":144,"covered":134,"skipped":0,"pct":93.05},"statements":{"total":146,"covered":135,"skipped":0,"pct":92.46},"functions":{"total":17,"covered":16,"skipped":0,"pct":94.11},"branches":{"total":36,"covered":24,"skipped":0,"pct":66.66},"branchesTrue":{"total":0,"covered":0,"skipped":0,"pct":100}}
,"C:\\Users\\karthick_v1\\Desktop\\dev\\demo\\app.js": {"lines":{"total":23,"covered":23,"skipped":0,"pct":100},"functions":{"total":2,"covered":2,"skipped":0,"pct":100},"statements":{"total":23,"covered":23,"skipped":0,"pct":100},"branches":{"total":4,"covered":2,"skipped":0,"pct":50}}
,"C:\\Users\\karthick_v1\\Desktop\\dev\\demo\\src\\helper\\filterJson.js": {"lines":{"total":11,"covered":11,"skipped":0,"pct":100},"functions":{"total":3,"covered":3,"skipped":0,"pct":100},"statements":{"total":11,"covered":11,"skipped":0,"pct":100},"branches":{"total":4,"covered":4,"skipped":0,"pct":100}}
,"C:\\Users\\karthick_v1\\Desktop\\dev\\demo\\src\\log\\logger.js": {"lines":{"total":12,"covered":12,"skipped":0,"pct":100},"functions":{"total":2,"covered":2,"skipped":0,"pct":100},"statements":{"total":12,"covered":12,"skipped":0,"pct":100},"branches":{"total":10,"covered":5,"skipped":0,"pct":50}}
,"C:\\Users\\karthick_v1\\Desktop\\dev\\demo\\src\\routes\\fetchEdelivery.js": {"lines":{"total":41,"covered":36,"skipped":0,"pct":87.8},"functions":{"total":3,"covered":2,"skipped":0,"pct":66.66},"statements":{"total":43,"covered":37,"skipped":0,"pct":86.04},"branches":{"total":16,"covered":12,"skipped":0,"pct":75}}
,"C:\\Users\\karthick_v1\\Desktop\\dev\\demo\\src\\services\\dbService.js": {"lines":{"total":42,"covered":38,"skipped":0,"pct":90.47},"functions":{"total":5,"covered":5,"skipped":0,"pct":100},"statements":{"total":42,"covered":38,"skipped":0,"pct":90.47},"branches":{"total":2,"covered":1,"skipped":0,"pct":50}}
,"C:\\Users\\karthick_v1\\Desktop\\dev\\demo\\src\\services\\fileioService.js": {"lines":{"total":15,"covered":14,"skipped":0,"pct":93.33},"functions":{"total":2,"covered":2,"skipped":0,"pct":100},"statements":{"total":15,"covered":14,"skipped":0,"pct":93.33},"branches":{"total":0,"covered":0,"skipped":0,"pct":100}}
}
