{"C:\\Users\\karthick_v1\\Desktop\\dev\\demo\\app.js": {"path":"C:\\Users\\karthick_v1\\Desktop\\dev\\demo\\app.js","statementMap":{"0":{"start":{"line":1,"column":16},"end":{"line":1,"column":34}},"1":{"start":{"line":2,"column":15},"end":{"line":2,"column":32}},"2":{"start":{"line":4,"column":18},"end":{"line":4,"column":47}},"3":{"start":{"line":5,"column":21},"end":{"line":5,"column":45}},"4":{"start":{"line":8,"column":12},"end":{"line":8,"column":21}},"5":{"start":{"line":11,"column":24},"end":{"line":11,"column":62}},"6":{"start":{"line":12,"column":15},"end":{"line":12,"column":42}},"7":{"start":{"line":15,"column":0},"end":{"line":15,"column":40}},"8":{"start":{"line":17,"column":0},"end":{"line":17,"column":24}},"9":{"start":{"line":20,"column":13},"end":{"line":20,"column":37}},"10":{"start":{"line":22,"column":0},"end":{"line":26,"column":1}},"11":{"start":{"line":23,"column":2},"end":{"line":23,"column":69}},"12":{"start":{"line":24,"column":2},"end":{"line":24,"column":53}},"13":{"start":{"line":25,"column":2},"end":{"line":25,"column":60}},"14":{"start":{"line":29,"column":0},"end":{"line":29,"column":47}},"15":{"start":{"line":31,"column":16},"end":{"line":41,"column":1}},"16":{"start":{"line":43,"column":29},"end":{"line":43,"column":50}},"17":{"start":{"line":45,"column":0},"end":{"line":45,"column":77}},"18":{"start":{"line":48,"column":0},"end":{"line":50,"column":3}},"19":{"start":{"line":49,"column":2},"end":{"line":49,"column":29}},"20":{"start":{"line":52,"column":0},"end":{"line":55,"column":3}},"21":{"start":{"line":53,"column":2},"end":{"line":53,"column":48}},"22":{"start":{"line":54,"column":2},"end":{"line":54,"column":64}}},"fnMap":{"0":{"name":"(anonymous_0)","decl":{"start":{"line":48,"column":13},"end":{"line":48,"column":14}},"loc":{"start":{"line":48,"column":27},"end":{"line":50,"column":1}},"line":48},"1":{"name":"(anonymous_1)","decl":{"start":{"line":52,"column":17},"end":{"line":52,"column":18}},"loc":{"start":{"line":52,"column":23},"end":{"line":55,"column":1}},"line":52}},"branchMap":{"0":{"loc":{"start":{"line":20,"column":13},"end":{"line":20,"column":37}},"type":"binary-expr","locations":[{"start":{"line":20,"column":13},"end":{"line":20,"column":29}},{"start":{"line":20,"column":33},"end":{"line":20,"column":37}}],"line":20},"1":{"loc":{"start":{"line":22,"column":0},"end":{"line":26,"column":1}},"type":"if","locations":[{"start":{"line":22,"column":0},"end":{"line":26,"column":1}},{"start":{},"end":{}}],"line":22}},"s":{"0":1,"1":1,"2":1,"3":1,"4":1,"5":1,"6":1,"7":1,"8":1,"9":1,"10":1,"11":1,"12":1,"13":1,"14":1,"15":1,"16":1,"17":1,"18":1,"19":1,"20":1,"21":1,"22":1},"f":{"0":1,"1":1},"b":{"0":[1,0],"1":[1,0]},"_coverageSchema":"1a1c01bbd47fc00a2c39e90264f33305004495a9","hash":"996a26d32ca95cc2eeff50a8e65bc3eaced93306"}
,"C:\\Users\\karthick_v1\\Desktop\\dev\\demo\\src\\helper\\filterJson.js": {"path":"C:\\Users\\karthick_v1\\Desktop\\dev\\demo\\src\\helper\\filterJson.js","statementMap":{"0":{"start":{"line":1,"column":16},"end":{"line":1,"column":49}},"1":{"start":{"line":2,"column":17},"end":{"line":2,"column":51}},"2":{"start":{"line":5,"column":0},"end":{"line":38,"column":2}},"3":{"start":{"line":6,"column":22},"end":{"line":6,"column":24}},"4":{"start":{"line":7,"column":24},"end":{"line":7,"column":26}},"5":{"start":{"line":9,"column":2},"end":{"line":32,"column":5}},"6":{"start":{"line":10,"column":4},"end":{"line":31,"column":5}},"7":{"start":{"line":13,"column":10},"end":{"line":14,"column":51}},"8":{"start":{"line":17,"column":6},"end":{"line":17,"column":29}},"9":{"start":{"line":20,"column":6},"end":{"line":30,"column":9}},"10":{"start":{"line":34,"column":2},"end":{"line":37,"column":4}}},"fnMap":{"0":{"name":"(anonymous_0)","decl":{"start":{"line":5,"column":21},"end":{"line":5,"column":22}},"loc":{"start":{"line":5,"column":52},"end":{"line":38,"column":1}},"line":5},"1":{"name":"(anonymous_1)","decl":{"start":{"line":9,"column":19},"end":{"line":9,"column":20}},"loc":{"start":{"line":9,"column":29},"end":{"line":32,"column":3}},"line":9},"2":{"name":"(anonymous_2)","decl":{"start":{"line":12,"column":8},"end":{"line":12,"column":9}},"loc":{"start":{"line":13,"column":10},"end":{"line":14,"column":51}},"line":13}},"branchMap":{"0":{"loc":{"start":{"line":10,"column":4},"end":{"line":31,"column":5}},"type":"if","locations":[{"start":{"line":10,"column":4},"end":{"line":31,"column":5}},{"start":{"line":18,"column":11},"end":{"line":31,"column":5}}],"line":10},"1":{"loc":{"start":{"line":13,"column":10},"end":{"line":14,"column":51}},"type":"binary-expr","locations":[{"start":{"line":13,"column":10},"end":{"line":13,"column":47}},{"start":{"line":14,"column":10},"end":{"line":14,"column":51}}],"line":13}},"s":{"0":1,"1":1,"2":1,"3":2,"4":2,"5":2,"6":8,"7":8,"8":2,"9":6,"10":2},"f":{"0":2,"1":8,"2":8},"b":{"0":[2,6],"1":[8,2]},"_coverageSchema":"1a1c01bbd47fc00a2c39e90264f33305004495a9","hash":"13daf1e44db2fd88d7ea724ac27285fc2df90dad"}
,"C:\\Users\\karthick_v1\\Desktop\\dev\\demo\\src\\log\\logger.js": {"path":"C:\\Users\\karthick_v1\\Desktop\\dev\\demo\\src\\log\\logger.js","statementMap":{"0":{"start":{"line":1,"column":13},"end":{"line":1,"column":28}},"1":{"start":{"line":2,"column":11},"end":{"line":2,"column":24}},"2":{"start":{"line":4,"column":0},"end":{"line":32,"column":2}},"3":{"start":{"line":6,"column":20},"end":{"line":6,"column":67}},"4":{"start":{"line":7,"column":15},"end":{"line":7,"column":25}},"5":{"start":{"line":10,"column":17},"end":{"line":24,"column":3}},"6":{"start":{"line":15,"column":8},"end":{"line":21,"column":11}},"7":{"start":{"line":27,"column":2},"end":{"line":27,"column":20}},"8":{"start":{"line":28,"column":2},"end":{"line":28,"column":19}},"9":{"start":{"line":29,"column":2},"end":{"line":29,"column":19}},"10":{"start":{"line":30,"column":2},"end":{"line":30,"column":20}},"11":{"start":{"line":31,"column":2},"end":{"line":31,"column":20}}},"fnMap":{"0":{"name":"(anonymous_0)","decl":{"start":{"line":4,"column":23},"end":{"line":4,"column":24}},"loc":{"start":{"line":4,"column":37},"end":{"line":32,"column":1}},"line":4},"1":{"name":"(anonymous_1)","decl":{"start":{"line":14,"column":17},"end":{"line":14,"column":18}},"loc":{"start":{"line":15,"column":8},"end":{"line":21,"column":11}},"line":15}},"branchMap":{"0":{"loc":{"start":{"line":15,"column":21},"end":{"line":15,"column":51}},"type":"cond-expr","locations":[{"start":{"line":15,"column":43},"end":{"line":15,"column":46}},{"start":{"line":15,"column":49},"end":{"line":15,"column":51}}],"line":15},"1":{"loc":{"start":{"line":16,"column":11},"end":{"line":16,"column":41}},"type":"cond-expr","locations":[{"start":{"line":16,"column":33},"end":{"line":16,"column":36}},{"start":{"line":16,"column":39},"end":{"line":16,"column":41}}],"line":16},"2":{"loc":{"start":{"line":18,"column":11},"end":{"line":18,"column":42}},"type":"cond-expr","locations":[{"start":{"line":18,"column":34},"end":{"line":18,"column":37}},{"start":{"line":18,"column":40},"end":{"line":18,"column":42}}],"line":18},"3":{"loc":{"start":{"line":19,"column":13},"end":{"line":19,"column":46}},"type":"cond-expr","locations":[{"start":{"line":19,"column":38},"end":{"line":19,"column":41}},{"start":{"line":19,"column":44},"end":{"line":19,"column":46}}],"line":19},"4":{"loc":{"start":{"line":20,"column":11},"end":{"line":20,"column":44}},"type":"cond-expr","locations":[{"start":{"line":20,"column":36},"end":{"line":20,"column":39}},{"start":{"line":20,"column":42},"end":{"line":20,"column":44}}],"line":20}},"s":{"0":1,"1":1,"2":1,"3":1,"4":1,"5":1,"6":5,"7":1,"8":1,"9":1,"10":1,"11":1},"f":{"0":1,"1":5},"b":{"0":[5,0],"1":[5,0],"2":[0,5],"3":[0,5],"4":[0,5]},"_coverageSchema":"1a1c01bbd47fc00a2c39e90264f33305004495a9","hash":"895209d20eb2f5e250c325066885be8d2a5b7d3d"}
,"C:\\Users\\karthick_v1\\Desktop\\dev\\demo\\src\\routes\\fetchEdelivery.js": {"path":"C:\\Users\\karthick_v1\\Desktop\\dev\\demo\\src\\routes\\fetchEdelivery.js","statementMap":{"0":{"start":{"line":1,"column":16},"end":{"line":1,"column":34}},"1":{"start":{"line":2,"column":15},"end":{"line":2,"column":31}},"2":{"start":{"line":4,"column":18},"end":{"line":4,"column":50}},"3":{"start":{"line":5,"column":22},"end":{"line":5,"column":58}},"4":{"start":{"line":6,"column":16},"end":{"line":6,"column":49}},"5":{"start":{"line":7,"column":17},"end":{"line":7,"column":51}},"6":{"start":{"line":51,"column":0},"end":{"line":155,"column":3}},"7":{"start":{"line":52,"column":2},"end":{"line":154,"column":3}},"8":{"start":{"line":53,"column":4},"end":{"line":151,"column":5}},"9":{"start":{"line":55,"column":33},"end":{"line":55,"column":67}},"10":{"start":{"line":56,"column":6},"end":{"line":150,"column":7}},"11":{"start":{"line":57,"column":38},"end":{"line":59,"column":9}},"12":{"start":{"line":60,"column":8},"end":{"line":62,"column":10}},"13":{"start":{"line":65,"column":8},"end":{"line":65,"column":70}},"14":{"start":{"line":67,"column":8},"end":{"line":84,"column":9}},"15":{"start":{"line":68,"column":10},"end":{"line":68,"column":50}},"16":{"start":{"line":71,"column":36},"end":{"line":71,"column":38}},"17":{"start":{"line":72,"column":10},"end":{"line":82,"column":13}},"18":{"start":{"line":83,"column":10},"end":{"line":83,"column":50}},"19":{"start":{"line":86,"column":8},"end":{"line":86,"column":50}},"20":{"start":{"line":89,"column":23},"end":{"line":89,"column":62}},"21":{"start":{"line":93,"column":8},"end":{"line":97,"column":9}},"22":{"start":{"line":94,"column":10},"end":{"line":94,"column":60}},"23":{"start":{"line":95,"column":10},"end":{"line":95,"column":27}},"24":{"start":{"line":96,"column":10},"end":{"line":96,"column":17}},"25":{"start":{"line":100,"column":26},"end":{"line":100,"column":28}},"26":{"start":{"line":101,"column":34},"end":{"line":101,"column":76}},"27":{"start":{"line":101,"column":58},"end":{"line":101,"column":75}},"28":{"start":{"line":104,"column":34},"end":{"line":104,"column":36}},"29":{"start":{"line":105,"column":8},"end":{"line":139,"column":11}},"30":{"start":{"line":106,"column":10},"end":{"line":138,"column":11}},"31":{"start":{"line":107,"column":12},"end":{"line":136,"column":13}},"32":{"start":{"line":111,"column":14},"end":{"line":121,"column":17}},"33":{"start":{"line":122,"column":14},"end":{"line":122,"column":21}},"34":{"start":{"line":124,"column":14},"end":{"line":134,"column":17}},"35":{"start":{"line":135,"column":14},"end":{"line":135,"column":21}},"36":{"start":{"line":141,"column":8},"end":{"line":145,"column":10}},"37":{"start":{"line":146,"column":27},"end":{"line":146,"column":79}},"38":{"start":{"line":148,"column":8},"end":{"line":149,"column":48}},"39":{"start":{"line":148,"column":35},"end":{"line":148,"column":56}},"40":{"start":{"line":149,"column":13},"end":{"line":149,"column":48}},"41":{"start":{"line":153,"column":4},"end":{"line":153,"column":51}},"42":{"start":{"line":158,"column":0},"end":{"line":158,"column":24}}},"fnMap":{"0":{"name":"(anonymous_0)","decl":{"start":{"line":51,"column":17},"end":{"line":51,"column":18}},"loc":{"start":{"line":51,"column":37},"end":{"line":155,"column":1}},"line":51},"1":{"name":"(anonymous_1)","decl":{"start":{"line":101,"column":45},"end":{"line":101,"column":46}},"loc":{"start":{"line":101,"column":58},"end":{"line":101,"column":75}},"line":101},"2":{"name":"(anonymous_2)","decl":{"start":{"line":105,"column":25},"end":{"line":105,"column":26}},"loc":{"start":{"line":105,"column":45},"end":{"line":139,"column":9}},"line":105}},"branchMap":{"0":{"loc":{"start":{"line":53,"column":4},"end":{"line":151,"column":5}},"type":"if","locations":[{"start":{"line":53,"column":4},"end":{"line":151,"column":5}},{"start":{},"end":{}}],"line":53},"1":{"loc":{"start":{"line":56,"column":6},"end":{"line":150,"column":7}},"type":"if","locations":[{"start":{"line":56,"column":6},"end":{"line":150,"column":7}},{"start":{"line":85,"column":13},"end":{"line":150,"column":7}}],"line":56},"2":{"loc":{"start":{"line":67,"column":8},"end":{"line":84,"column":9}},"type":"if","locations":[{"start":{"line":67,"column":8},"end":{"line":84,"column":9}},{"start":{"line":70,"column":13},"end":{"line":84,"column":9}}],"line":67},"3":{"loc":{"start":{"line":93,"column":8},"end":{"line":97,"column":9}},"type":"if","locations":[{"start":{"line":93,"column":8},"end":{"line":97,"column":9}},{"start":{},"end":{}}],"line":93},"4":{"loc":{"start":{"line":106,"column":10},"end":{"line":138,"column":11}},"type":"if","locations":[{"start":{"line":106,"column":10},"end":{"line":138,"column":11}},{"start":{},"end":{}}],"line":106},"5":{"loc":{"start":{"line":107,"column":12},"end":{"line":136,"column":13}},"type":"if","locations":[{"start":{"line":107,"column":12},"end":{"line":136,"column":13}},{"start":{"line":123,"column":19},"end":{"line":136,"column":13}}],"line":107},"6":{"loc":{"start":{"line":108,"column":14},"end":{"line":109,"column":54}},"type":"binary-expr","locations":[{"start":{"line":108,"column":14},"end":{"line":108,"column":50}},{"start":{"line":109,"column":14},"end":{"line":109,"column":54}}],"line":108},"7":{"loc":{"start":{"line":148,"column":8},"end":{"line":149,"column":48}},"type":"if","locations":[{"start":{"line":148,"column":8},"end":{"line":149,"column":48}},{"start":{"line":149,"column":13},"end":{"line":149,"column":48}}],"line":148}},"s":{"0":1,"1":1,"2":1,"3":1,"4":1,"5":1,"6":1,"7":10,"8":10,"9":10,"10":10,"11":2,"12":2,"13":2,"14":2,"15":2,"16":0,"17":0,"18":0,"19":8,"20":8,"21":8,"22":5,"23":5,"24":5,"25":3,"26":3,"27":0,"28":3,"29":3,"30":3,"31":3,"32":2,"33":2,"34":1,"35":1,"36":3,"37":3,"38":3,"39":3,"40":0,"41":0,"42":1},"f":{"0":10,"1":0,"2":3},"b":{"0":[10,0],"1":[2,8],"2":[2,0],"3":[5,3],"4":[3,0],"5":[2,1],"6":[3,2],"7":[3,0]},"_coverageSchema":"1a1c01bbd47fc00a2c39e90264f33305004495a9","hash":"65ca9fe5f669f8782f9b7617f0ccae48f569aacd"}
,"C:\\Users\\karthick_v1\\Desktop\\dev\\demo\\src\\services\\dbService.js": {"path":"C:\\Users\\karthick_v1\\Desktop\\dev\\demo\\src\\services\\dbService.js","statementMap":{"0":{"start":{"line":2,"column":0},"end":{"line":13,"column":2}},"1":{"start":{"line":4,"column":16},"end":{"line":9,"column":4}},"2":{"start":{"line":5,"column":4},"end":{"line":8,"column":6}},"3":{"start":{"line":12,"column":2},"end":{"line":12,"column":26}},"4":{"start":{"line":16,"column":23},"end":{"line":16,"column":63}},"5":{"start":{"line":18,"column":44},"end":{"line":18,"column":62}},"6":{"start":{"line":21,"column":14},"end":{"line":21,"column":108}},"7":{"start":{"line":24,"column":17},"end":{"line":24,"column":36}},"8":{"start":{"line":27,"column":25},"end":{"line":27,"column":41}},"9":{"start":{"line":30,"column":17},"end":{"line":36,"column":4}},"10":{"start":{"line":40,"column":2},"end":{"line":63,"column":3}},"11":{"start":{"line":42,"column":4},"end":{"line":42,"column":27}},"12":{"start":{"line":45,"column":15},"end":{"line":45,"column":32}},"13":{"start":{"line":48,"column":23},"end":{"line":48,"column":52}},"14":{"start":{"line":51,"column":4},"end":{"line":53,"column":17}},"15":{"start":{"line":58,"column":4},"end":{"line":58,"column":31}},"16":{"start":{"line":61,"column":4},"end":{"line":61,"column":25}},"17":{"start":{"line":62,"column":4},"end":{"line":62,"column":18}},"18":{"start":{"line":66,"column":0},"end":{"line":69,"column":2}},"19":{"start":{"line":68,"column":2},"end":{"line":68,"column":35}},"20":{"start":{"line":72,"column":23},"end":{"line":72,"column":63}},"21":{"start":{"line":74,"column":44},"end":{"line":74,"column":62}},"22":{"start":{"line":77,"column":14},"end":{"line":77,"column":108}},"23":{"start":{"line":80,"column":17},"end":{"line":80,"column":36}},"24":{"start":{"line":83,"column":25},"end":{"line":83,"column":41}},"25":{"start":{"line":86,"column":17},"end":{"line":92,"column":4}},"26":{"start":{"line":96,"column":2},"end":{"line":141,"column":3}},"27":{"start":{"line":98,"column":4},"end":{"line":98,"column":27}},"28":{"start":{"line":101,"column":15},"end":{"line":101,"column":32}},"29":{"start":{"line":107,"column":4},"end":{"line":131,"column":5}},"30":{"start":{"line":108,"column":21},"end":{"line":108,"column":53}},"31":{"start":{"line":109,"column":21},"end":{"line":109,"column":38}},"32":{"start":{"line":110,"column":22},"end":{"line":110,"column":38}},"33":{"start":{"line":112,"column":6},"end":{"line":130,"column":7}},"34":{"start":{"line":113,"column":8},"end":{"line":114,"column":46}},"35":{"start":{"line":116,"column":8},"end":{"line":124,"column":9}},"36":{"start":{"line":117,"column":10},"end":{"line":119,"column":12}},"37":{"start":{"line":121,"column":10},"end":{"line":123,"column":12}},"38":{"start":{"line":126,"column":8},"end":{"line":129,"column":10}},"39":{"start":{"line":136,"column":4},"end":{"line":136,"column":31}},"40":{"start":{"line":139,"column":4},"end":{"line":139,"column":25}},"41":{"start":{"line":140,"column":4},"end":{"line":140,"column":18}}},"fnMap":{"0":{"name":"(anonymous_0)","decl":{"start":{"line":2,"column":24},"end":{"line":2,"column":25}},"loc":{"start":{"line":2,"column":41},"end":{"line":13,"column":1}},"line":2},"1":{"name":"(anonymous_1)","decl":{"start":{"line":4,"column":32},"end":{"line":4,"column":33}},"loc":{"start":{"line":4,"column":42},"end":{"line":9,"column":3}},"line":4},"2":{"name":"fetchData","decl":{"start":{"line":15,"column":15},"end":{"line":15,"column":24}},"loc":{"start":{"line":15,"column":32},"end":{"line":64,"column":1}},"line":15},"3":{"name":"(anonymous_3)","decl":{"start":{"line":66,"column":25},"end":{"line":66,"column":26}},"loc":{"start":{"line":66,"column":39},"end":{"line":69,"column":1}},"line":66},"4":{"name":"updateIfNewData","decl":{"start":{"line":71,"column":15},"end":{"line":71,"column":30}},"loc":{"start":{"line":71,"column":41},"end":{"line":142,"column":1}},"line":71}},"branchMap":{"0":{"loc":{"start":{"line":116,"column":8},"end":{"line":124,"column":9}},"type":"if","locations":[{"start":{"line":116,"column":8},"end":{"line":124,"column":9}},{"start":{"line":120,"column":15},"end":{"line":124,"column":9}}],"line":116}},"s":{"0":1,"1":8,"2":8,"3":8,"4":8,"5":8,"6":8,"7":8,"8":8,"9":8,"10":8,"11":8,"12":8,"13":8,"14":8,"15":0,"16":8,"17":8,"18":1,"19":2,"20":2,"21":2,"22":2,"23":2,"24":2,"25":2,"26":2,"27":2,"28":2,"29":2,"30":2,"31":2,"32":2,"33":2,"34":2,"35":2,"36":0,"37":2,"38":0,"39":0,"40":2,"41":2},"f":{"0":8,"1":8,"2":8,"3":2,"4":2},"b":{"0":[0,2]},"_coverageSchema":"1a1c01bbd47fc00a2c39e90264f33305004495a9","hash":"aa9d6b0ff84d18eefaa670dffc5b682398535e05"}
,"C:\\Users\\karthick_v1\\Desktop\\dev\\demo\\src\\services\\fileioService.js": {"path":"C:\\Users\\karthick_v1\\Desktop\\dev\\demo\\src\\services\\fileioService.js","statementMap":{"0":{"start":{"line":1,"column":11},"end":{"line":1,"column":24}},"1":{"start":{"line":2,"column":13},"end":{"line":2,"column":28}},"2":{"start":{"line":4,"column":25},"end":{"line":4,"column":56}},"3":{"start":{"line":6,"column":0},"end":{"line":12,"column":2}},"4":{"start":{"line":8,"column":20},"end":{"line":8,"column":49}},"5":{"start":{"line":9,"column":19},"end":{"line":9,"column":52}},"6":{"start":{"line":11,"column":2},"end":{"line":11,"column":33}},"7":{"start":{"line":14,"column":0},"end":{"line":31,"column":2}},"8":{"start":{"line":16,"column":20},"end":{"line":16,"column":49}},"9":{"start":{"line":17,"column":19},"end":{"line":17,"column":52}},"10":{"start":{"line":19,"column":2},"end":{"line":30,"column":3}},"11":{"start":{"line":21,"column":17},"end":{"line":21,"column":50}},"12":{"start":{"line":23,"column":21},"end":{"line":26,"column":5}},"13":{"start":{"line":27,"column":4},"end":{"line":27,"column":20}},"14":{"start":{"line":29,"column":4},"end":{"line":29,"column":17}}},"fnMap":{"0":{"name":"(anonymous_0)","decl":{"start":{"line":6,"column":23},"end":{"line":6,"column":24}},"loc":{"start":{"line":6,"column":29},"end":{"line":12,"column":1}},"line":6},"1":{"name":"(anonymous_1)","decl":{"start":{"line":14,"column":23},"end":{"line":14,"column":24}},"loc":{"start":{"line":14,"column":44},"end":{"line":31,"column":1}},"line":14}},"branchMap":{},"s":{"0":1,"1":1,"2":1,"3":1,"4":10,"5":10,"6":10,"7":1,"8":2,"9":2,"10":2,"11":2,"12":2,"13":2,"14":0},"f":{"0":10,"1":2},"b":{},"_coverageSchema":"1a1c01bbd47fc00a2c39e90264f33305004495a9","hash":"ba4566ccd87ad384d39a9598594c65b7d4eccaac"}
}
