TN:
SF:app.js
FN:48,(anonymous_0)
FN:52,(anonymous_1)
FNF:2
FNH:2
FNDA:1,(anonymous_0)
FNDA:1,(anonymous_1)
DA:1,1
DA:2,1
DA:4,1
DA:5,1
DA:8,1
DA:11,1
DA:12,1
DA:15,1
DA:17,1
DA:20,1
DA:22,1
DA:23,1
DA:24,1
DA:25,1
DA:29,1
DA:31,1
DA:43,1
DA:45,1
DA:48,1
DA:49,1
DA:52,1
DA:53,1
DA:54,1
LF:23
LH:23
BRDA:20,0,0,1
BRDA:20,0,1,0
BRDA:22,1,0,1
BRDA:22,1,1,0
BRF:4
BRH:2
end_of_record
TN:
SF:src\helper\filterJson.js
FN:5,(anonymous_0)
FN:9,(anonymous_1)
FN:12,(anonymous_2)
FNF:3
FNH:3
FNDA:2,(anonymous_0)
FNDA:8,(anonymous_1)
FNDA:8,(anonymous_2)
DA:1,1
DA:2,1
DA:5,1
DA:6,2
DA:7,2
DA:9,2
DA:10,8
DA:13,8
DA:17,2
DA:20,6
DA:34,2
LF:11
LH:11
BRDA:10,0,0,2
BRDA:10,0,1,6
BRDA:13,1,0,8
BRDA:13,1,1,2
BRF:4
BRH:4
end_of_record
TN:
SF:src\log\logger.js
FN:4,(anonymous_0)
FN:14,(anonymous_1)
FNF:2
FNH:2
FNDA:1,(anonymous_0)
FNDA:5,(anonymous_1)
DA:1,1
DA:2,1
DA:4,1
DA:6,1
DA:7,1
DA:10,1
DA:15,5
DA:27,1
DA:28,1
DA:29,1
DA:30,1
DA:31,1
LF:12
LH:12
BRDA:15,0,0,5
BRDA:15,0,1,0
BRDA:16,1,0,5
BRDA:16,1,1,0
BRDA:18,2,0,0
BRDA:18,2,1,5
BRDA:19,3,0,0
BRDA:19,3,1,5
BRDA:20,4,0,0
BRDA:20,4,1,5
BRF:10
BRH:5
end_of_record
TN:
SF:src\routes\fetchEdelivery.js
FN:51,(anonymous_0)
FN:101,(anonymous_1)
FN:105,(anonymous_2)
FNF:3
FNH:2
FNDA:10,(anonymous_0)
FNDA:0,(anonymous_1)
FNDA:3,(anonymous_2)
DA:1,1
DA:2,1
DA:4,1
DA:5,1
DA:6,1
DA:7,1
DA:51,1
DA:52,10
DA:53,10
DA:55,10
DA:56,10
DA:57,2
DA:60,2
DA:65,2
DA:67,2
DA:68,2
DA:71,0
DA:72,0
DA:83,0
DA:86,8
DA:89,8
DA:93,8
DA:94,5
DA:95,5
DA:96,5
DA:100,3
DA:101,3
DA:104,3
DA:105,3
DA:106,3
DA:107,3
DA:111,2
DA:122,2
DA:124,1
DA:135,1
DA:141,3
DA:146,3
DA:148,3
DA:149,0
DA:153,0
DA:158,1
LF:41
LH:36
BRDA:53,0,0,10
BRDA:53,0,1,0
BRDA:56,1,0,2
BRDA:56,1,1,8
BRDA:67,2,0,2
BRDA:67,2,1,0
BRDA:93,3,0,5
BRDA:93,3,1,3
BRDA:106,4,0,3
BRDA:106,4,1,0
BRDA:107,5,0,2
BRDA:107,5,1,1
BRDA:108,6,0,3
BRDA:108,6,1,2
BRDA:148,7,0,3
BRDA:148,7,1,0
BRF:16
BRH:12
end_of_record
TN:
SF:src\services\dbService.js
FN:2,(anonymous_0)
FN:4,(anonymous_1)
FN:15,fetchData
FN:66,(anonymous_3)
FN:71,updateIfNewData
FNF:5
FNH:5
FNDA:8,(anonymous_0)
FNDA:8,(anonymous_1)
FNDA:8,fetchData
FNDA:2,(anonymous_3)
FNDA:2,updateIfNewData
DA:2,1
DA:4,8
DA:5,8
DA:12,8
DA:16,8
DA:18,8
DA:21,8
DA:24,8
DA:27,8
DA:30,8
DA:40,8
DA:42,8
DA:45,8
DA:48,8
DA:51,8
DA:58,0
DA:61,8
DA:62,8
DA:66,1
DA:68,2
DA:72,2
DA:74,2
DA:77,2
DA:80,2
DA:83,2
DA:86,2
DA:96,2
DA:98,2
DA:101,2
DA:107,2
DA:108,2
DA:109,2
DA:110,2
DA:112,2
DA:113,2
DA:116,2
DA:117,0
DA:121,2
DA:126,0
DA:136,0
DA:139,2
DA:140,2
LF:42
LH:38
BRDA:116,0,0,0
BRDA:116,0,1,2
BRF:2
BRH:1
end_of_record
TN:
SF:src\services\fileioService.js
FN:6,(anonymous_0)
FN:14,(anonymous_1)
FNF:2
FNH:2
FNDA:10,(anonymous_0)
FNDA:2,(anonymous_1)
DA:1,1
DA:2,1
DA:4,1
DA:6,1
DA:8,10
DA:9,10
DA:11,10
DA:14,1
DA:16,2
DA:17,2
DA:19,2
DA:21,2
DA:23,2
DA:27,2
DA:29,0
LF:15
LH:14
BRF:0
BRH:0
end_of_record
